TN:
SF:script/DeployDSC.s.sol
DA:13,6
FN:13,DeployDSC.run
FNDA:6,DeployDSC.run
DA:14,6
DA:16,6
DA:17,6
DA:19,6
DA:20,6
DA:22,6
DA:23,6
DA:24,6
DA:26,6
DA:27,6
DA:29,6
FNF:1
FNH:1
LF:12
LH:12
BRF:0
BRH:0
end_of_record
TN:
SF:script/HelperConfig.s.sol
DA:25,6
FN:25,HelperConfig.constructor
FNDA:6,HelperConfig.constructor
DA:26,6
BRDA:26,0,0,0
BRDA:26,0,1,6
DA:27,0
DA:29,6
DA:33,0
FN:33,HelperConfig.getSepoliaEthConfig
FNDA:0,HelperConfig.getSepoliaEthConfig
DA:34,0
DA:43,6
FN:43,HelperConfig.getOrCreateAnvilEthConfig
FNDA:6,HelperConfig.getOrCreateAnvilEthConfig
DA:45,6
BRDA:45,1,0,0
DA:46,0
DA:49,6
DA:50,6
DA:51,6
DA:53,6
DA:54,6
DA:55,6
DA:57,6
FNF:3
FNH:2
LF:16
LH:12
BRF:3
BRH:1
end_of_record
TN:
SF:src/DSCEngine.sol
DA:79,0
FN:79,DSCEngine.moreThanZero
FNDA:0,DSCEngine.moreThanZero
DA:80,0
BRDA:80,0,0,-
DA:81,0
DA:86,0
FN:86,DSCEngine.isAllowedToken
FNDA:0,DSCEngine.isAllowedToken
DA:87,0
BRDA:87,1,0,-
DA:88,0
DA:94,7
FN:94,DSCEngine.constructor
FNDA:7,DSCEngine.constructor
DA:95,7
BRDA:95,2,0,1
DA:96,1
DA:99,6
DA:100,12
DA:101,12
DA:103,6
DA:111,0
FN:111,DSCEngine.depositCollateralAndMintDsc
FNDA:0,DSCEngine.depositCollateralAndMintDsc
DA:112,0
DA:113,0
DA:121,3
FN:121,DSCEngine.depositCollateral
FNDA:3,DSCEngine.depositCollateral
DA:127,1
DA:128,1
DA:129,1
DA:130,1
BRDA:130,3,0,0
DA:131,0
DA:133,1
DA:142,0
FN:142,DSCEngine.redeemCollateralForDsc
FNDA:0,DSCEngine.redeemCollateralForDsc
DA:143,0
DA:144,0
DA:153,0
FN:153,DSCEngine.redeemCollateral
FNDA:0,DSCEngine.redeemCollateral
DA:159,0
DA:160,0
DA:168,0
FN:168,DSCEngine.mintDsc
FNDA:0,DSCEngine.mintDsc
DA:169,0
DA:170,0
DA:171,0
DA:172,0
BRDA:172,4,0,-
DA:173,0
DA:177,0
FN:177,DSCEngine.burnDsc
FNDA:0,DSCEngine.burnDsc
DA:178,0
DA:179,0
DA:188,0
FN:188,DSCEngine.liquidate
FNDA:0,DSCEngine.liquidate
DA:193,0
DA:194,0
BRDA:194,5,0,-
DA:195,0
DA:197,0
DA:198,0
DA:199,0
DA:200,0
DA:201,0
DA:203,0
DA:204,0
BRDA:204,6,0,-
DA:205,0
DA:207,0
DA:210,0
FN:210,DSCEngine.getHealthFactor
FNDA:0,DSCEngine.getHealthFactor
DA:221,0
FN:221,DSCEngine._burnDsc
FNDA:0,DSCEngine._burnDsc
DA:222,0
DA:223,0
DA:224,0
BRDA:224,7,0,-
DA:225,0
DA:227,0
DA:230,0
FN:230,DSCEngine._redeemCollateral
FNDA:0,DSCEngine._redeemCollateral
DA:231,0
DA:232,0
DA:233,0
DA:234,0
BRDA:234,8,0,-
DA:235,0
DA:239,3
FN:239,DSCEngine._getAccountInformation
FNDA:3,DSCEngine._getAccountInformation
DA:244,3
DA:245,3
DA:252,2
FN:252,DSCEngine._healthFactor
FNDA:2,DSCEngine._healthFactor
DA:253,2
DA:254,2
BRDA:254,9,0,2
DA:255,2
DA:257,0
DA:259,0
DA:262,1
FN:262,DSCEngine._revertIfHealthFactorIsBroken
FNDA:1,DSCEngine._revertIfHealthFactorIsBroken
DA:263,1
DA:264,1
BRDA:264,10,0,0
DA:265,0
DA:271,2
FN:271,DSCEngine.getTokenAmountFromUsd
FNDA:2,DSCEngine.getTokenAmountFromUsd
DA:272,2
DA:273,2
DA:274,2
DA:277,0
FN:277,DSCEngine.getAccountCollateralValue
FNDA:0,DSCEngine.getAccountCollateralValue
DA:278,3
DA:279,6
DA:280,6
DA:281,6
DA:283,0
DA:286,1
FN:286,DSCEngine.getUsdValue
FNDA:1,DSCEngine.getUsdValue
DA:287,7
DA:288,7
DA:289,7
DA:292,1
FN:292,DSCEngine.getAccountInformation
FNDA:1,DSCEngine.getAccountInformation
DA:297,1
DA:298,1
FNF:20
FNH:8
LF:94
LH:38
BRF:11
BRH:2
end_of_record
TN:
SF:src/DecentralizedStableCoin.sol
DA:23,0
FN:23,DecentralizedStableCoin.burn
FNDA:0,DecentralizedStableCoin.burn
DA:24,0
DA:25,0
BRDA:25,0,0,-
DA:26,0
DA:28,0
BRDA:28,1,0,-
DA:29,0
DA:31,0
DA:34,0
FN:34,DecentralizedStableCoin.mint
FNDA:0,DecentralizedStableCoin.mint
DA:35,0
BRDA:35,2,0,-
DA:36,0
DA:38,0
BRDA:38,3,0,-
DA:39,0
DA:41,0
DA:42,0
FNF:2
FNH:0
LF:14
LH:0
BRF:4
BRH:0
end_of_record
TN:
SF:test/mocks/ERC20Mock.sol
DA:7,13
FN:7,ERC20Mock.constructor
FNDA:13,ERC20Mock.constructor
DA:11,13
DA:14,6
FN:14,ERC20Mock.mint
FNDA:6,ERC20Mock.mint
DA:15,6
DA:18,0
FN:18,ERC20Mock.burn
FNDA:0,ERC20Mock.burn
DA:19,0
DA:22,0
FN:22,ERC20Mock.transferInternal
FNDA:0,ERC20Mock.transferInternal
DA:23,0
DA:26,0
FN:26,ERC20Mock.approveInternal
FNDA:0,ERC20Mock.approveInternal
DA:27,0
FNF:5
FNH:2
LF:10
LH:4
BRF:0
BRH:0
end_of_record
TN:
SF:test/mocks/MockV3Aggregator.sol
DA:24,12
FN:24,MockV3Aggregator.constructor
FNDA:12,MockV3Aggregator.constructor
DA:25,12
DA:26,12
DA:29,12
FN:29,MockV3Aggregator.updateAnswer
FNDA:12,MockV3Aggregator.updateAnswer
DA:30,12
DA:31,12
DA:32,12
DA:33,12
DA:34,12
DA:35,12
DA:38,0
FN:38,MockV3Aggregator.updateRoundData
FNDA:0,MockV3Aggregator.updateRoundData
DA:39,0
DA:40,0
DA:41,0
DA:42,0
DA:43,0
DA:44,0
DA:47,0
FN:47,MockV3Aggregator.getRoundData
FNDA:0,MockV3Aggregator.getRoundData
DA:52,0
DA:55,9
FN:55,MockV3Aggregator.latestRoundData
FNDA:9,MockV3Aggregator.latestRoundData
DA:60,9
DA:75,0
FN:75,MockV3Aggregator.description
FNDA:0,MockV3Aggregator.description
DA:76,0
FNF:6
FNH:3
LF:23
LH:12
BRF:0
BRH:0
end_of_record
